2025/12/06 11:35:11 [notice] 1#1: using the "epoll" event method
2025/12/06 11:35:11 [notice] 1#1: nginx/1.29.3
2025/12/06 11:35:11 [notice] 1#1: built by gcc 14.2.0 (Alpine 14.2.0) 
2025/12/06 11:35:11 [notice] 1#1: OS: Linux 6.8.0-87-generic
2025/12/06 11:35:11 [notice] 1#1: getrlimit(RLIMIT_NOFILE): 1024:524288
2025/12/06 11:35:11 [notice] 1#1: start worker processes
2025/12/06 11:35:11 [notice] 1#1: start worker process 30
2025/12/06 11:35:11 [notice] 1#1: start worker process 31
2025/12/06 11:35:11 [notice] 1#1: start worker process 32
2025/12/06 11:35:11 [notice] 1#1: start worker process 33
2025/12/06 11:41:51 [notice] 1#1: signal 3 (SIGQUIT) received, shutting down
2025/12/06 11:41:51 [notice] 30#30: gracefully shutting down
2025/12/06 11:41:51 [notice] 31#31: gracefully shutting down
2025/12/06 11:41:51 [notice] 33#33: gracefully shutting down
2025/12/06 11:41:51 [notice] 32#32: gracefully shutting down
2025/12/06 11:41:51 [notice] 33#33: exiting
2025/12/06 11:41:51 [notice] 30#30: exiting
2025/12/06 11:41:51 [notice] 32#32: exiting
2025/12/06 11:41:51 [notice] 31#31: exiting
2025/12/06 11:41:51 [notice] 32#32: exit
2025/12/06 11:41:51 [notice] 33#33: exit
2025/12/06 11:41:51 [notice] 31#31: exit
2025/12/06 11:41:51 [notice] 30#30: exit
2025/12/06 11:41:51 [notice] 1#1: signal 17 (SIGCHLD) received from 33
2025/12/06 11:41:51 [notice] 1#1: worker process 32 exited with code 0
2025/12/06 11:41:51 [notice] 1#1: worker process 33 exited with code 0
2025/12/06 11:41:51 [notice] 1#1: signal 29 (SIGIO) received
2025/12/06 11:41:51 [notice] 1#1: signal 17 (SIGCHLD) received from 31
2025/12/06 11:41:51 [notice] 1#1: worker process 31 exited with code 0
2025/12/06 11:41:51 [notice] 1#1: signal 17 (SIGCHLD) received from 30
2025/12/06 11:41:51 [notice] 1#1: worker process 30 exited with code 0
2025/12/06 11:41:51 [notice] 1#1: exit
2025/12/06 11:42:07 [notice] 1#1: using the "epoll" event method
2025/12/06 11:42:07 [notice] 1#1: nginx/1.29.3
2025/12/06 11:42:07 [notice] 1#1: built by gcc 14.2.0 (Alpine 14.2.0) 
2025/12/06 11:42:07 [notice] 1#1: OS: Linux 6.8.0-87-generic
2025/12/06 11:42:07 [notice] 1#1: getrlimit(RLIMIT_NOFILE): 1024:524288
2025/12/06 11:42:07 [notice] 1#1: start worker processes
2025/12/06 11:42:07 [notice] 1#1: start worker process 29
2025/12/06 11:42:07 [notice] 1#1: start worker process 30
2025/12/06 11:42:07 [notice] 1#1: start worker process 31
2025/12/06 11:42:07 [notice] 1#1: start worker process 32
2025/12/06 12:04:27 [notice] 1#1: signal 3 (SIGQUIT) received, shutting down
2025/12/06 12:04:27 [notice] 32#32: gracefully shutting down
2025/12/06 12:04:27 [notice] 29#29: gracefully shutting down
2025/12/06 12:04:27 [notice] 32#32: exiting
2025/12/06 12:04:27 [notice] 31#31: gracefully shutting down
2025/12/06 12:04:27 [notice] 30#30: gracefully shutting down
2025/12/06 12:04:27 [notice] 29#29: exiting
2025/12/06 12:04:27 [notice] 32#32: exit
2025/12/06 12:04:27 [notice] 29#29: exit
2025/12/06 12:04:27 [notice] 31#31: exiting
2025/12/06 12:04:27 [notice] 30#30: exiting
2025/12/06 12:04:27 [notice] 31#31: exit
2025/12/06 12:04:27 [notice] 30#30: exit
2025/12/06 12:04:27 [notice] 1#1: signal 17 (SIGCHLD) received from 31
2025/12/06 12:04:27 [notice] 1#1: worker process 31 exited with code 0
2025/12/06 12:04:27 [notice] 1#1: worker process 32 exited with code 0
2025/12/06 12:04:27 [notice] 1#1: signal 29 (SIGIO) received
2025/12/06 12:04:27 [notice] 1#1: signal 17 (SIGCHLD) received from 29
2025/12/06 12:04:27 [notice] 1#1: worker process 29 exited with code 0
2025/12/06 12:04:27 [notice] 1#1: signal 29 (SIGIO) received
2025/12/06 12:04:27 [notice] 1#1: signal 17 (SIGCHLD) received from 30
2025/12/06 12:04:27 [notice] 1#1: worker process 30 exited with code 0
2025/12/06 12:04:27 [notice] 1#1: exit
2025/12/06 12:04:41 [notice] 1#1: using the "epoll" event method
2025/12/06 12:04:41 [notice] 1#1: nginx/1.29.3
2025/12/06 12:04:41 [notice] 1#1: built by gcc 14.2.0 (Alpine 14.2.0) 
2025/12/06 12:04:41 [notice] 1#1: OS: Linux 6.8.0-87-generic
2025/12/06 12:04:41 [notice] 1#1: getrlimit(RLIMIT_NOFILE): 1024:524288
2025/12/06 12:04:41 [notice] 1#1: start worker processes
2025/12/06 12:04:41 [notice] 1#1: start worker process 30
2025/12/06 12:04:41 [notice] 1#1: start worker process 31
2025/12/06 12:04:41 [notice] 1#1: start worker process 32
2025/12/06 12:04:41 [notice] 1#1: start worker process 33
2025/12/06 12:23:36 [notice] 1#1: signal 3 (SIGQUIT) received, shutting down
2025/12/06 12:23:36 [notice] 33#33: gracefully shutting down
2025/12/06 12:23:36 [notice] 30#30: gracefully shutting down
2025/12/06 12:23:36 [notice] 31#31: gracefully shutting down
2025/12/06 12:23:36 [notice] 32#32: gracefully shutting down
2025/12/06 12:23:36 [notice] 33#33: exiting
2025/12/06 12:23:36 [notice] 30#30: exiting
2025/12/06 12:23:36 [notice] 31#31: exiting
2025/12/06 12:23:36 [notice] 32#32: exiting
2025/12/06 12:23:36 [notice] 30#30: exit
2025/12/06 12:23:36 [notice] 33#33: exit
2025/12/06 12:23:36 [notice] 32#32: exit
2025/12/06 12:23:36 [notice] 31#31: exit
2025/12/06 12:23:36 [notice] 1#1: signal 17 (SIGCHLD) received from 33
2025/12/06 12:23:36 [notice] 1#1: worker process 30 exited with code 0
2025/12/06 12:23:36 [notice] 1#1: worker process 31 exited with code 0
2025/12/06 12:23:36 [notice] 1#1: worker process 33 exited with code 0
2025/12/06 12:23:36 [notice] 1#1: signal 29 (SIGIO) received
2025/12/06 12:23:36 [notice] 1#1: signal 17 (SIGCHLD) received from 32
2025/12/06 12:23:36 [notice] 1#1: worker process 32 exited with code 0
2025/12/06 12:23:36 [notice] 1#1: exit
2025/12/06 12:24:05 [notice] 1#1: using the "epoll" event method
2025/12/06 12:24:05 [notice] 1#1: nginx/1.29.3
2025/12/06 12:24:05 [notice] 1#1: built by gcc 14.2.0 (Alpine 14.2.0) 
2025/12/06 12:24:05 [notice] 1#1: OS: Linux 6.8.0-87-generic
2025/12/06 12:24:05 [notice] 1#1: getrlimit(RLIMIT_NOFILE): 1024:524288
2025/12/06 12:24:05 [notice] 1#1: start worker processes
2025/12/06 12:24:05 [notice] 1#1: start worker process 30
2025/12/06 12:24:05 [notice] 1#1: start worker process 31
2025/12/06 12:24:05 [notice] 1#1: start worker process 32
2025/12/06 12:24:05 [notice] 1#1: start worker process 33
2025/12/06 12:30:02 [notice] 1#1: using the "epoll" event method
2025/12/06 12:30:02 [notice] 1#1: nginx/1.29.3
2025/12/06 12:30:02 [notice] 1#1: built by gcc 14.2.0 (Alpine 14.2.0) 
2025/12/06 12:30:02 [notice] 1#1: OS: Linux 6.8.0-87-generic
2025/12/06 12:30:02 [notice] 1#1: getrlimit(RLIMIT_NOFILE): 1024:524288
2025/12/06 12:30:02 [notice] 1#1: start worker processes
2025/12/06 12:30:02 [notice] 1#1: start worker process 30
2025/12/06 12:30:02 [notice] 1#1: start worker process 31
2025/12/06 12:30:02 [notice] 1#1: start worker process 32
2025/12/06 12:30:02 [notice] 1#1: start worker process 33
2025/12/06 12:31:32 [notice] 1#1: signal 3 (SIGQUIT) received, shutting down
2025/12/06 12:31:32 [notice] 33#33: gracefully shutting down
2025/12/06 12:31:32 [notice] 30#30: gracefully shutting down
2025/12/06 12:31:32 [notice] 33#33: exiting
2025/12/06 12:31:32 [notice] 30#30: exiting
2025/12/06 12:31:32 [notice] 32#32: gracefully shutting down
2025/12/06 12:31:32 [notice] 32#32: exiting
2025/12/06 12:31:32 [notice] 33#33: exit
2025/12/06 12:31:32 [notice] 32#32: exit
2025/12/06 12:31:32 [notice] 30#30: exit
2025/12/06 12:31:32 [notice] 31#31: gracefully shutting down
2025/12/06 12:31:32 [notice] 31#31: exiting
2025/12/06 12:31:32 [notice] 31#31: exit
2025/12/06 12:31:32 [notice] 1#1: signal 17 (SIGCHLD) received from 33
2025/12/06 12:31:32 [notice] 1#1: worker process 30 exited with code 0
2025/12/06 12:31:32 [notice] 1#1: worker process 31 exited with code 0
2025/12/06 12:31:32 [notice] 1#1: worker process 32 exited with code 0
2025/12/06 12:31:32 [notice] 1#1: worker process 33 exited with code 0
2025/12/06 12:31:32 [notice] 1#1: exit
2025/12/06 12:31:45 [notice] 1#1: using the "epoll" event method
2025/12/06 12:31:45 [notice] 1#1: nginx/1.29.3
2025/12/06 12:31:45 [notice] 1#1: built by gcc 14.2.0 (Alpine 14.2.0) 
2025/12/06 12:31:45 [notice] 1#1: OS: Linux 6.8.0-87-generic
2025/12/06 12:31:45 [notice] 1#1: getrlimit(RLIMIT_NOFILE): 1024:524288
2025/12/06 12:31:45 [notice] 1#1: start worker processes
2025/12/06 12:31:45 [notice] 1#1: start worker process 29
2025/12/06 12:31:45 [notice] 1#1: start worker process 30
2025/12/06 12:31:45 [notice] 1#1: start worker process 31
2025/12/06 12:31:45 [notice] 1#1: start worker process 32
