2025/12/06 11:28:05 [notice] 1#1: using the "epoll" event method
2025/12/06 11:28:05 [notice] 1#1: nginx/1.29.3
2025/12/06 11:28:05 [notice] 1#1: built by gcc 14.2.0 (Debian 14.2.0-19) 
2025/12/06 11:28:05 [notice] 1#1: OS: Linux 6.8.0-87-generic
2025/12/06 11:28:05 [notice] 1#1: getrlimit(RLIMIT_NOFILE): 1024:524288
2025/12/06 11:28:05 [notice] 1#1: start worker processes
2025/12/06 11:28:05 [notice] 1#1: start worker process 29
2025/12/06 11:28:05 [notice] 1#1: start worker process 30
2025/12/06 11:28:05 [notice] 1#1: start worker process 31
2025/12/06 11:28:05 [notice] 1#1: start worker process 32
2025/12/06 11:34:58 [notice] 1#1: signal 3 (SIGQUIT) received, shutting down
2025/12/06 11:34:58 [notice] 29#29: gracefully shutting down
2025/12/06 11:34:58 [notice] 30#30: gracefully shutting down
2025/12/06 11:34:58 [notice] 29#29: exiting
2025/12/06 11:34:58 [notice] 31#31: gracefully shutting down
2025/12/06 11:34:58 [notice] 30#30: exiting
2025/12/06 11:34:58 [notice] 31#31: exiting
2025/12/06 11:34:58 [notice] 30#30: exit
2025/12/06 11:34:58 [notice] 29#29: exit
2025/12/06 11:34:58 [notice] 31#31: exit
2025/12/06 11:34:58 [notice] 32#32: gracefully shutting down
2025/12/06 11:34:58 [notice] 32#32: exiting
2025/12/06 11:34:58 [notice] 32#32: exit
2025/12/06 11:34:58 [notice] 1#1: signal 17 (SIGCHLD) received from 31
2025/12/06 11:34:58 [notice] 1#1: worker process 30 exited with code 0
2025/12/06 11:34:58 [notice] 1#1: worker process 31 exited with code 0
2025/12/06 11:34:58 [notice] 1#1: signal 29 (SIGIO) received
2025/12/06 11:34:58 [notice] 1#1: signal 17 (SIGCHLD) received from 29
2025/12/06 11:34:58 [notice] 1#1: worker process 29 exited with code 0
2025/12/06 11:34:58 [notice] 1#1: signal 29 (SIGIO) received
2025/12/06 11:34:58 [notice] 1#1: signal 17 (SIGCHLD) received from 32
2025/12/06 11:34:58 [notice] 1#1: worker process 32 exited with code 0
2025/12/06 11:34:58 [notice] 1#1: exit
